[INFO] 2026-07-14 06:16:24 : Server Performance Monitor Started
[INFO] 2026-07-14 06:16:44 : Quick health check completed successfully.
2026-07-14 06:32:28 ===== SERVER PERFORMANCE MONITOR =====
2026-07-14 06:32:28 [INFO] Monitoring Started
2026-07-14 06:36:27 ===== SERVER PERFORMANCE MONITOR =====
2026-07-14 06:36:27 [INFO] Monitoring Started...
2026-07-14 06:36:33 ===== SERVER PERFORMANCE MONITOR =====
2026-07-14 06:36:33 [INFO] Monitoring Started...
2026-07-14 06:39:03 ===== SERVER PERFORMANCE MONITOR =====
2026-07-14 06:39:03 [INFO] Monitoring Started...
2026-07-14 06:39:03 ===== CPU INFORMATION =====
2026-07-14 06:45:06 ===== SERVER PERFORMANCE MONITOR =====
2026-07-14 06:45:06 [INFO] Monitoring Started...
2026-07-14 06:45:06 ===== CPU INFORMATION =====
2026-07-14 06:45:08 ===== PROCESS INFORMATION =====
2026-07-14 06:46:04 ===== SERVER PERFORMANCE MONITOR =====
2026-07-14 06:46:04 [INFO] Monitoring Started...
2026-07-14 06:46:04 ===== CPU INFORMATION =====
2026-07-14 06:46:05 ===== PROCESS INFORMATION =====
2026-07-14 06:49:09 ===== SERVER PERFORMANCE MONITOR =====
2026-07-14 06:49:09 [INFO] Monitoring Started...
2026-07-14 06:49:09 ===== CPU INFORMATION =====
2026-07-14 06:49:11 ===== PROCESS INFORMATION =====
2026-07-14 06:49:11 ===== DOCKER INFORMATION =====
2026-07-14 06:51:43 ===== SERVER PERFORMANCE MONITOR =====
2026-07-14 06:51:43 [INFO] Monitoring Started...
2026-07-14 06:51:43 ===== CPU INFORMATION =====
2026-07-14 06:51:44 ===== PROCESS INFORMATION =====
2026-07-14 06:51:45 ===== DOCKER INFORMATION =====
2026-07-14 06:54:34 ===== SERVER PERFORMANCE MONITOR =====
2026-07-14 06:54:34 [INFO] Monitoring Started...
2026-07-14 06:54:34 ===== CPU INFORMATION =====
2026-07-14 06:54:36 ===== PROCESS INFORMATION =====
2026-07-14 06:54:36 ===== DOCKER INFORMATION =====
2026-07-14 06:58:27 ===== SERVER PERFORMANCE MONITOR =====
2026-07-14 06:58:27 [INFO] Monitoring Started...
2026-07-14 06:58:27 ===== CPU INFORMATION =====
2026-07-14 06:58:29 ===== PROCESS INFORMATION =====
2026-07-14 06:58:29 ===== DOCKER INFORMATION =====
2026-07-14 06:59:22 ===== SERVER PERFORMANCE MONITOR =====
2026-07-14 06:59:22 [INFO] Monitoring Started...
2026-07-14 06:59:22 ===== CPU INFORMATION =====
2026-07-14 06:59:24 ===== PROCESS INFORMATION =====
2026-07-14 06:59:24 ===== DOCKER INFORMATION =====
2026-07-14 07:00:48 ===== SERVER PERFORMANCE MONITOR =====
2026-07-14 07:00:48 [INFO] Monitoring Started...
2026-07-14 07:00:48 ===== CPU INFORMATION =====
2026-07-14 07:00:50 ===== PROCESS INFORMATION =====
2026-07-14 07:00:50 ===== DOCKER INFORMATION =====
2026-07-14 07:01:16 ===== SERVER PERFORMANCE MONITOR =====
2026-07-14 07:01:16 [INFO] Monitoring Started...
2026-07-14 07:01:16 ===== CPU INFORMATION =====
2026-07-14 07:01:18 ===== PROCESS INFORMATION =====
2026-07-14 07:01:18 ===== DOCKER INFORMATION =====
2026-07-14 07:16:57 ===== SERVER PERFORMANCE MONITOR =====
2026-07-14 07:16:57 [INFO] Monitoring Started...
2026-07-14 07:16:57 ===== CPU INFORMATION =====
2026-07-14 07:16:59 ===== PROCESS INFORMATION =====
2026-07-14 07:16:59 ===== DOCKER INFORMATION =====
2026-07-14 07:17:00 [SUCCESS] Monitoring Completed Successfully
2026-07-14 07:19:06 ===== SERVER PERFORMANCE MONITOR =====
2026-07-14 07:19:06 [INFO] Monitoring Started...
2026-07-14 07:19:06 ===== CPU INFORMATION =====
2026-07-14 07:19:08 ===== PROCESS INFORMATION =====
2026-07-14 07:19:08 ===== DOCKER INFORMATION =====
2026-07-14 07:19:08 [SUCCESS] Monitoring Completed Successfully
2026-07-14 07:20:00 ===== SERVER PERFORMANCE MONITOR =====
2026-07-14 07:20:00 [INFO] Monitoring Started...
2026-07-14 07:20:00 ===== CPU INFORMATION =====
2026-07-14 07:20:02 ===== PROCESS INFORMATION =====
2026-07-14 07:20:02 ===== DOCKER INFORMATION =====
2026-07-14 07:20:02 [SUCCESS] Monitoring Completed Successfully
2026-07-14 07:22:17 ===== SERVER PERFORMANCE MONITOR =====
2026-07-14 07:22:17 [INFO] Monitoring Started...
2026-07-14 07:22:17 ===== CPU INFORMATION =====
2026-07-14 07:22:19 ===== PROCESS INFORMATION =====
2026-07-14 07:22:19 ===== DOCKER INFORMATION =====
2026-07-14 07:22:20 [SUCCESS] Monitoring Completed Successfully
2026-07-14 07:26:35 ===== SERVER PERFORMANCE MONITOR =====
2026-07-14 07:26:35 [INFO] Monitoring Started...
2026-07-14 07:26:35 ===== CPU INFORMATION =====
2026-07-14 07:26:37 ===== PROCESS INFORMATION =====
2026-07-14 07:26:37 ===== DOCKER INFORMATION =====
2026-07-14 07:26:37 [SUCCESS] Monitoring Completed Successfully
2026-07-14 07:27:38 ===== SERVER PERFORMANCE MONITOR =====
2026-07-14 07:27:38 [INFO] Monitoring Started...
2026-07-14 07:27:38 ===== CPU INFORMATION =====
2026-07-14 07:27:40 ===== PROCESS INFORMATION =====
2026-07-14 07:27:40 ===== DOCKER INFORMATION =====
2026-07-14 07:27:40 [SUCCESS] Monitoring Completed Successfully
